<?xml version="1.0" encoding="UTF-8"?>
<testng-results skipped="0" failed="0" total="1" passed="1">
  <reporter-output>
  </reporter-output>
  <suite name="Suite" duration-ms="57442" started-at="2016-03-30T07:27:05Z" finished-at="2016-03-30T07:28:03Z">
    <groups>
    </groups>
    <test name="Test" duration-ms="57442" started-at="2016-03-30T07:27:05Z" finished-at="2016-03-30T07:28:03Z">
      <class name="example.NewTest">
        <test-method status="PASS" signature="testEasy()[pri:0, instance:example.NewTest@5af1c8f4]" name="testEasy" duration-ms="57286" started-at="2016-03-30T12:57:06Z" finished-at="2016-03-30T12:58:03Z">
          <reporter-output>
          </reporter-output>
        </test-method> <!-- testEasy -->
      </class> <!-- example.NewTest -->
    </test> <!-- Test -->
  </suite> <!-- Suite -->
</testng-results>
